<?xml version="1.0" encoding="UTF-8"?>
<!-- Generated by org.testng.reporters.JUnitReportReporter -->
<testsuite skipped="0" hostname="user" name="com.testng.Priority" tests="6" failures="0" timestamp="2021-12-21T14:47:43 IST" time="0.152" errors="0">
  <testcase name="paymentProcess" time="0.045" classname="com.testng.Priority"/>
  <system-out/>
  <testcase name="createNewAcc" time="0.006" classname="com.testng.Priority"/>
  <system-out/>
  <testcase name="confirmationCheck" time="0.030" classname="com.testng.Priority"/>
  <system-out/>
  <testcase name="productPurchase" time="0.013" classname="com.testng.Priority"/>
  <system-out/>
  <testcase name="purchaseSuccessfully" time="0.019" classname="com.testng.Priority"/>
  <system-out/>
  <testcase name="signIn" time="0.039" classname="com.testng.Priority"/>
  <system-out/>
</testsuite> <!-- com.testng.Priority -->
