<?xml version="1.0" encoding="UTF-8"?>
<!-- Generated by org.testng.reporters.JUnitReportReporter -->
<testsuite skipped="0" hostname="user" name="com.testng.GroupingFeature" tests="8" failures="0" timestamp="2021-12-28T15:33:27 IST" time="0.083" errors="0">
  <testcase name="pubg" time="0.020" classname="com.testng.GroupingFeature"/>
  <system-out/>
  <testcase name="instagram" time="0.013" classname="com.testng.GroupingFeature"/>
  <system-out/>
  <testcase name="wynkMusic" time="0.008" classname="com.testng.GroupingFeature"/>
  <system-out/>
  <testcase name="coc" time="0.012" classname="com.testng.GroupingFeature"/>
  <system-out/>
  <testcase name="gtaViceCity" time="0.009" classname="com.testng.GroupingFeature"/>
  <system-out/>
  <testcase name="spotify" time="0.010" classname="com.testng.GroupingFeature"/>
  <system-out/>
  <testcase name="facebook" time="0.008" classname="com.testng.GroupingFeature"/>
  <system-out/>
  <testcase name="whatsapp" time="0.003" classname="com.testng.GroupingFeature"/>
  <system-out/>
</testsuite> <!-- com.testng.GroupingFeature -->
