<?xml version="1.0" encoding="UTF-8"?>
<!-- Generated by org.testng.reporters.JUnitReportReporter -->
<testsuite skipped="0" hostname="user" name="com.testng.Hard_Assert" tests="2" failures="0" timestamp="2021-12-28T15:44:05 IST" time="0.039" errors="0">
  <testcase name="password" time="0.029" classname="com.testng.Hard_Assert"/>
  <system-out/>
  <testcase name="username" time="0.010" classname="com.testng.Hard_Assert"/>
  <system-out/>
</testsuite> <!-- com.testng.Hard_Assert -->
