<?xml version="1.0" encoding="UTF-8"?>
<!-- Generated by org.testng.reporters.JUnitReportReporter -->
<testsuite skipped="0" hostname="user" name="com.testNG_Runner.TestNG_AutomationPractice" tests="5" failures="0" timestamp="2021-12-28T15:06:20 IST" time="499.578" errors="0">
  <testcase name="purchase_Tshirt" time="122.384" classname="com.testNG_Runner.TestNG_AutomationPractice"/>
  <system-out/>
  <testcase name="purchase_Blouses" time="87.549" classname="com.testNG_Runner.TestNG_AutomationPractice"/>
  <system-out/>
  <testcase name="purchase_CasualDress" time="91.162" classname="com.testNG_Runner.TestNG_AutomationPractice"/>
  <system-out/>
  <testcase name="purchase_EveningDress" time="87.471" classname="com.testNG_Runner.TestNG_AutomationPractice"/>
  <system-out/>
  <testcase name="purchase_SummerDress" time="111.012" classname="com.testNG_Runner.TestNG_AutomationPractice"/>
  <system-out/>
</testsuite> <!-- com.testNG_Runner.TestNG_AutomationPractice -->
