<?xml version="1.0" encoding="UTF-8"?>
<!-- Generated by org.testng.reporters.JUnitReportReporter -->
<testsuite skipped="1" hostname="user" name="com.testng.IgnoreFeature" tests="3" failures="0" timestamp="2021-12-28T15:27:11 IST" time="0.027" errors="0">
  <testcase name="whatsapp" time="0.003" classname="com.testng.IgnoreFeature"/>
  <system-out/>
  <testcase name="instagram" time="0.024" classname="com.testng.IgnoreFeature"/>
  <system-out/>
  <testcase name="clashofclans" classname="com.testng.IgnoreFeature">
    <skipped/>
  </testcase> <!-- clashofclans -->
  <system-out/>
</testsuite> <!-- com.testng.IgnoreFeature -->
