<?xml version="1.0" encoding="UTF-8"?>
<!-- Generated by org.testng.reporters.JUnitReportReporter -->
<testsuite skipped="0" hostname="user" name="com.testng.PriorityFeature" tests="6" failures="0" timestamp="2021-12-21T14:52:55 IST" time="0.079" errors="0">
  <testcase name="productPurchase" time="0.023" classname="com.testng.PriorityFeature"/>
  <system-out/>
  <testcase name="signIn" time="0.006" classname="com.testng.PriorityFeature"/>
  <system-out/>
  <testcase name="createNewAcc" time="0.006" classname="com.testng.PriorityFeature"/>
  <system-out/>
  <testcase name="confirmationCheck" time="0.007" classname="com.testng.PriorityFeature"/>
  <system-out/>
  <testcase name="paymentProcess" time="0.023" classname="com.testng.PriorityFeature"/>
  <system-out/>
  <testcase name="purchaseSuccessfully" time="0.014" classname="com.testng.PriorityFeature"/>
  <system-out/>
</testsuite> <!-- com.testng.PriorityFeature -->
