<?xml version="1.0" encoding="UTF-8"?>
<!-- Generated by org.testng.reporters.JUnitReportReporter -->
<testsuite skipped="0" hostname="user" name="com.testng.Assert_Concept" tests="2" failures="0" timestamp="2021-12-24T19:34:17 IST" time="0.032" errors="0">
  <testcase name="password" time="0.021" classname="com.testng.Assert_Concept"/>
  <system-out/>
  <testcase name="username" time="0.011" classname="com.testng.Assert_Concept"/>
  <system-out/>
</testsuite> <!-- com.testng.Assert_Concept -->
