<?xml version="1.0" encoding="UTF-8"?>
<!-- Generated by org.testng.reporters.JUnitReportReporter -->
<testsuite skipped="0" hostname="user" name="com.testng.SinpleAnnotation" tests="6" failures="0" timestamp="2021-12-21T13:47:12 IST" time="0.285" errors="0">
  <testcase name="createNewAcc" time="0.034" classname="com.testng.SinpleAnnotation"/>
  <system-out/>
  <testcase name="confirmationCheck" time="0.131" classname="com.testng.SinpleAnnotation"/>
  <system-out/>
  <testcase name="paymentProcess" time="0.022" classname="com.testng.SinpleAnnotation"/>
  <system-out/>
  <testcase name="purchaseSuccessfully" time="0.033" classname="com.testng.SinpleAnnotation"/>
  <system-out/>
  <testcase name="productPurchase" time="0.046" classname="com.testng.SinpleAnnotation"/>
  <system-out/>
  <testcase name="signIn" time="0.019" classname="com.testng.SinpleAnnotation"/>
  <system-out/>
</testsuite> <!-- com.testng.SinpleAnnotation -->
