<?xml version="1.0" encoding="UTF-8"?>
<!-- Generated by org.testng.reporters.JUnitReportReporter -->
<testsuite skipped="0" hostname="user" name="com.testng.Dependency" tests="3" failures="0" timestamp="2021-12-28T15:51:37 IST" time="0.030" errors="0">
  <testcase name="mobile" time="0.021" classname="com.testng.Dependency"/>
  <system-out/>
  <testcase name="offer" time="0.004" classname="com.testng.Dependency"/>
  <system-out/>
  <testcase name="watch" time="0.005" classname="com.testng.Dependency"/>
  <system-out/>
</testsuite> <!-- com.testng.Dependency -->
