<?xml version="1.0" encoding="UTF-8"?>
<!-- Generated by org.testng.reporters.JUnitReportReporter -->
<testsuite skipped="0" hostname="user" name="com.testng.InnovacationCount" tests="5" failures="0" timestamp="2021-12-28T15:28:41 IST" time="0.078" errors="0">
  <testcase name="openChrome" time="0.027" classname="com.testng.InnovacationCount"/>
  <system-out/>
  <testcase name="url" time="0.005" classname="com.testng.InnovacationCount"/>
  <system-out/>
  <testcase name="refresh" time="0.019" classname="com.testng.InnovacationCount"/>
  <system-out/>
  <testcase name="refresh" time="0.012" classname="com.testng.InnovacationCount"/>
  <system-out/>
  <testcase name="refresh" time="0.015" classname="com.testng.InnovacationCount"/>
  <system-out/>
</testsuite> <!-- com.testng.InnovacationCount -->
