<?xml version="1.0" encoding="UTF-8"?>
<!-- Generated by org.testng.reporters.JUnitReportReporter -->
<testsuite skipped="0" hostname="user" name="com.testNG_Runner.Women" tests="5" failures="0" timestamp="2021-12-26T19:36:32 IST" time="0.058" errors="0">
  <testcase name="tShirt" time="0.023" classname="com.testNG_Runner.Women"/>
  <system-out/>
  <testcase name="casualDress" time="0.010" classname="com.testNG_Runner.Women"/>
  <system-out/>
  <testcase name="eveningDress" time="0.006" classname="com.testNG_Runner.Women"/>
  <system-out/>
  <testcase name="summerDress" time="0.014" classname="com.testNG_Runner.Women"/>
  <system-out/>
  <testcase name="blouses" time="0.005" classname="com.testNG_Runner.Women"/>
  <system-out/>
</testsuite> <!-- com.testNG_Runner.Women -->
