<?xml version="1.0" encoding="UTF-8"?>
<!-- Generated by org.testng.reporters.JUnitReportReporter -->
<testsuite skipped="0" hostname="user" name="com.testng.TimeOut" tests="1" failures="0" timestamp="2021-12-28T15:36:09 IST" time="6.036" errors="0">
  <testcase name="sample" time="6.036" classname="com.testng.TimeOut"/>
  <system-out/>
</testsuite> <!-- com.testng.TimeOut -->
