<?xml version="1.0" encoding="UTF-8"?>
<!-- Generated by org.testng.reporters.JUnitReportReporter -->
<testsuite skipped="0" hostname="user" name="com.testng.Demo" tests="1" failures="0" timestamp="2021-12-24T17:41:03 IST" time="0.024" errors="0">
  <testcase name="data" time="0.024" classname="com.testng.Demo"/>
  <system-out/>
</testsuite> <!-- com.testng.Demo -->
