<?xml version="1.0" encoding="UTF-8"?>
<!-- Generated by org.testng.reporters.JUnitReportReporter -->
<testsuite skipped="0" hostname="user" name="com.testng.DataProvider_Feature" tests="2" failures="0" timestamp="2021-12-28T15:46:15 IST" time="0.036" errors="0">
  <testcase name="data" time="0.013" classname="com.testng.DataProvider_Feature"/>
  <system-out/>
  <testcase name="data" time="0.023" classname="com.testng.DataProvider_Feature"/>
  <system-out/>
</testsuite> <!-- com.testng.DataProvider_Feature -->
