<?xml version="1.0" encoding="UTF-8"?>
<!-- Generated by org.testng.reporters.JUnitReportReporter -->
<testsuite skipped="0" hostname="user" name="com.testng.Parameterized_Feature" tests="1" failures="0" timestamp="2021-12-28T15:40:01 IST" time="0.021" errors="0">
  <testcase name="demoParameter" time="0.021" classname="com.testng.Parameterized_Feature"/>
  <system-out/>
</testsuite> <!-- com.testng.Parameterized_Feature -->
