<?xml version="1.0" encoding="UTF-8"?>
<!-- Generated by org.testng.reporters.JUnitReportReporter -->
<testsuite skipped="0" hostname="user" name="com.testng.SimpleAnnotation" tests="5" failures="0" timestamp="2021-12-28T15:19:37 IST" time="0.085" errors="0">
  <testcase name="purchse_Tshirt" time="0.024" classname="com.testng.SimpleAnnotation"/>
  <system-out/>
  <testcase name="purchase_Blouse" time="0.010" classname="com.testng.SimpleAnnotation"/>
  <system-out/>
  <testcase name="purchase_CasualDress" time="0.008" classname="com.testng.SimpleAnnotation"/>
  <system-out/>
  <testcase name="purchase_EveningDress" time="0.031" classname="com.testng.SimpleAnnotation"/>
  <system-out/>
  <testcase name="purchase_SummerDress" time="0.012" classname="com.testng.SimpleAnnotation"/>
  <system-out/>
</testsuite> <!-- com.testng.SimpleAnnotation -->
