<?xml version="1.0" encoding="UTF-8"?>
<!-- Generated by org.testng.reporters.JUnitReportReporter -->
<testsuite skipped="0" hostname="user" name="com.testng.Soft_Assert" tests="1" failures="0" timestamp="2021-12-28T15:45:18 IST" time="0.081" errors="0">
  <testcase name="uername" time="0.081" classname="com.testng.Soft_Assert"/>
  <system-out/>
</testsuite> <!-- com.testng.Soft_Assert -->
