<?xml version="1.0" encoding="UTF-8"?>
<!-- Generated by org.testng.reporters.JUnitReportReporter -->
<testsuite skipped="0" hostname="user" name="com.testng.ExpectedException" tests="1" failures="0" timestamp="2021-12-28T15:38:21 IST" time="0.031" errors="0">
  <testcase name="sample" time="0.031" classname="com.testng.ExpectedException"/>
  <system-out/>
</testsuite> <!-- com.testng.ExpectedException -->
