<?xml version="1.0" encoding="UTF-8"?>
<!-- Generated by org.testng.reporters.JUnitReportReporter -->
<testsuite skipped="0" hostname="user" name="com.testNG_Runner.TestNG_Runner" tests="5" failures="0" timestamp="2022-01-01T19:57:36 IST" time="191.916" errors="0">
  <testcase name="purchase_Tshirt" time="36.947" classname="com.testNG_Runner.TestNG_Runner"/>
  <system-out/>
  <testcase name="purchase_Blouses" time="46.347" classname="com.testNG_Runner.TestNG_Runner"/>
  <system-out/>
  <testcase name="purchase_CasualDress" time="35.838" classname="com.testNG_Runner.TestNG_Runner"/>
  <system-out/>
  <testcase name="purchase_EveningDress" time="38.407" classname="com.testNG_Runner.TestNG_Runner"/>
  <system-out/>
  <testcase name="purchase_SummerDress" time="34.377" classname="com.testNG_Runner.TestNG_Runner"/>
  <system-out/>
</testsuite> <!-- com.testNG_Runner.TestNG_Runner -->
