<?xml version="1.0" encoding="UTF-8"?>
<!-- Generated by org.testng.reporters.JUnitReportReporter -->
<testsuite skipped="0" hostname="user" name="com.testNG_Runner.Adactin_Runner" tests="7" failures="0" timestamp="2022-01-03T13:33:46 IST" time="27.628" errors="0">
  <testcase name="url_Launch" time="11.466" classname="com.testNG_Runner.Adactin_Runner"/>
  <system-out/>
  <testcase name="login" time="1.923" classname="com.testNG_Runner.Adactin_Runner"/>
  <system-out/>
  <testcase name="searchHotel" time="2.966" classname="com.testNG_Runner.Adactin_Runner"/>
  <system-out/>
  <testcase name="selectHotel" time="1.124" classname="com.testNG_Runner.Adactin_Runner"/>
  <system-out/>
  <testcase name="bookHotel" time="1.873" classname="com.testNG_Runner.Adactin_Runner"/>
  <system-out/>
  <testcase name="logOut" time="6.013" classname="com.testNG_Runner.Adactin_Runner"/>
  <system-out/>
  <testcase name="url_Close" time="2.263" classname="com.testNG_Runner.Adactin_Runner"/>
  <system-out/>
</testsuite> <!-- com.testNG_Runner.Adactin_Runner -->
